0 info it worked if it ends with ok
1 verbose cli [ 'C:\\nodejs\\node.exe',
1 verbose cli   'C:\\nodejs\\node_modules\\npm\\bin\\npm-cli.js',
1 verbose cli   'i',
1 verbose cli   'gulp' ]
2 info using npm@2.15.1
3 info using node@v4.4.3
4 verbose install initial load of C:\OpenServer\domains\localhost\Ledy\package.json
5 verbose readDependencies loading dependencies from C:\OpenServer\domains\localhost\Ledy\package.json
6 silly cache add args [ 'gulp', null ]
7 verbose cache add spec gulp
8 silly cache add parsed spec Result {
8 silly cache add   raw: 'gulp',
8 silly cache add   scope: null,
8 silly cache add   name: 'gulp',
8 silly cache add   rawSpec: '',
8 silly cache add   spec: 'latest',
8 silly cache add   type: 'tag' }
9 silly addNamed gulp@latest
10 verbose addNamed "latest" is being treated as a dist-tag for gulp
11 info addNameTag [ 'gulp', 'latest' ]
12 silly mapToRegistry name gulp
13 silly mapToRegistry using default registry
14 silly mapToRegistry registry https://registry.npmjs.org/
15 silly mapToRegistry data Result {
15 silly mapToRegistry   raw: 'gulp',
15 silly mapToRegistry   scope: null,
15 silly mapToRegistry   name: 'gulp',
15 silly mapToRegistry   rawSpec: '',
15 silly mapToRegistry   spec: 'latest',
15 silly mapToRegistry   type: 'tag' }
16 silly mapToRegistry uri https://registry.npmjs.org/gulp
17 verbose addNameTag registry:https://registry.npmjs.org/gulp not in flight; fetching
18 verbose request uri https://registry.npmjs.org/gulp
19 verbose request no auth needed
20 info attempt registry request try #1 at 16:42:52
21 verbose request id b3576b5eebcbe22e
22 http request GET https://registry.npmjs.org/gulp
23 info retry will retry, error on last attempt: Error: connect ETIMEDOUT 151.101.12.162:443
24 info attempt registry request try #2 at 16:43:23
25 http request GET https://registry.npmjs.org/gulp
26 info retry will retry, error on last attempt: Error: connect ETIMEDOUT 151.101.12.162:443
27 info attempt registry request try #3 at 16:44:45
28 http request GET https://registry.npmjs.org/gulp
29 verbose stack Error: connect ETIMEDOUT 151.101.12.162:443
29 verbose stack     at Object.exports._errnoException (util.js:870:11)
29 verbose stack     at exports._exceptionWithHostPort (util.js:893:20)
29 verbose stack     at TCPConnectWrap.afterConnect [as oncomplete] (net.js:1061:14)
30 verbose cwd C:\OpenServer\domains\localhost\Ledy
31 error Windows_NT 6.1.7601
32 error argv "C:\\nodejs\\node.exe" "C:\\nodejs\\node_modules\\npm\\bin\\npm-cli.js" "i" "gulp"
33 error node v4.4.3
34 error npm  v2.15.1
35 error code ETIMEDOUT
36 error errno ETIMEDOUT
37 error syscall connect
38 error network connect ETIMEDOUT 151.101.12.162:443
38 error network This is most likely not a problem with npm itself
38 error network and is related to network connectivity.
38 error network In most cases you are behind a proxy or have bad network settings.
38 error network
38 error network If you are behind a proxy, please make sure that the
38 error network 'proxy' config is set properly.  See: 'npm help config'
39 verbose exit [ 1, true ]
